<?xml version="1.0" encoding="UTF-8"?>
<testsuite xmlns:xsi="http://www.w3.org/2001/XMLSchema-instance" xsi:noNamespaceSchemaLocation="https://maven.apache.org/surefire/maven-surefire-plugin/xsd/surefire-test-report.xsd" name="runnerfile.RunnerMakeMyTrip" time="161.952" tests="10" errors="2" skipped="8" failures="0">
  <properties>
[...]
</properties>
  <testcase name="Given user is on &quot;MakeMyTrip&quot; Dashboard Page" classname="Scenario: To verify user is landing to Result Page after searching the flight" time="0.081">
    <error message="timeout: Timed out receiving message from renderer: 10.434&#10;  (Session info: chrome=90.0.4430.93)&#10;Build info: version: &apos;3.141.59&apos;, revision: &apos;e82be7d358&apos;, time: &apos;2018-11-14T08:17:03&apos;&#10;System info: host: &apos;LAPTOP-P5JKHIML&apos;, ip: &apos;192.168.0.104&apos;, os.name: &apos;Windows 10&apos;, os.arch: &apos;amd64&apos;, os.version: &apos;10.0&apos;, java.version: &apos;15.0.2&apos;&#10;Driver info: org.openqa.selenium.chrome.ChromeDriver&#10;Capabilities {acceptInsecureCerts: false, browserName: chrome, browserVersion: 90.0.4430.93, chrome: {chromedriverVersion: 90.0.4430.24 (4c6d850f087da..., userDataDir: C:\Users\sktou\AppData\Loca...}, goog:chromeOptions: {debuggerAddress: localhost:60845}, javascriptEnabled: true, networkConnectionEnabled: false, pageLoadStrategy: normal, platform: WINDOWS, platformName: WINDOWS, proxy: Proxy(), setWindowRect: true, strictFileInteractability: false, timeouts: {implicit: 0, pageLoad: 300000, script: 30000}, unhandledPromptBehavior: dismiss and notify, webauthn:extension:largeBlob: true, webauthn:virtualAuthenticators: true}&#10;Session ID: 1fbb40c4699b5ead42f492231a2fc8ba" type="org.openqa.selenium.TimeoutException">org.openqa.selenium.TimeoutException: 
timeout: Timed out receiving message from renderer: 10.434
  (Session info: chrome=90.0.4430.93)
Build info: version: '3.141.59', revision: 'e82be7d358', time: '2018-11-14T08:17:03'
System info: host: 'LAPTOP-P5JKHIML', ip: '192.168.0.104', os.name: 'Windows 10', os.arch: 'amd64', os.version: '10.0', java.version: '15.0.2'
Driver info: org.openqa.selenium.chrome.ChromeDriver
Capabilities {acceptInsecureCerts: false, browserName: chrome, browserVersion: 90.0.4430.93, chrome: {chromedriverVersion: 90.0.4430.24 (4c6d850f087da..., userDataDir: C:\Users\sktou\AppData\Loca...}, goog:chromeOptions: {debuggerAddress: localhost:60845}, javascriptEnabled: true, networkConnectionEnabled: false, pageLoadStrategy: normal, platform: WINDOWS, platformName: WINDOWS, proxy: Proxy(), setWindowRect: true, strictFileInteractability: false, timeouts: {implicit: 0, pageLoad: 300000, script: 30000}, unhandledPromptBehavior: dismiss and notify, webauthn:extension:largeBlob: true, webauthn:virtualAuthenticators: true}
Session ID: 1fbb40c4699b5ead42f492231a2fc8ba
</error>
    <system-out><![CDATA[Feature: Make my Trip Booking Flight
  I want this feature to allow user to search flight
]]></system-out>
    <system-err><![CDATA[Starting ChromeDriver 90.0.4430.24 (4c6d850f087da467d926e8eddb76550aed655991-refs/branch-heads/4430@{#429}) on port 37266
Only local connections are allowed.
Please see https://chromedriver.chromium.org/security-considerations for suggestions on keeping ChromeDriver safe.
ChromeDriver was started successfully.
Apr 29, 2021 2:17:33 PM org.openqa.selenium.remote.ProtocolHandshake createSession
INFO: Detected dialect: W3C
[1619686121.674][SEVERE]: Timed out receiving message from renderer: 10.434
[1619686121.870][SEVERE]: Timed out receiving message from renderer: 10.434
]]></system-err>
  </testcase>
  <testcase name="Scenario: To verify user is landing to Result Page after searching the flight" classname="Scenario: To verify user is landing to Result Page after searching the flight" time="0.086">
    <error message="timeout: Timed out receiving message from renderer: 10.434&#10;  (Session info: chrome=90.0.4430.93)&#10;Build info: version: &apos;3.141.59&apos;, revision: &apos;e82be7d358&apos;, time: &apos;2018-11-14T08:17:03&apos;&#10;System info: host: &apos;LAPTOP-P5JKHIML&apos;, ip: &apos;192.168.0.104&apos;, os.name: &apos;Windows 10&apos;, os.arch: &apos;amd64&apos;, os.version: &apos;10.0&apos;, java.version: &apos;15.0.2&apos;&#10;Driver info: org.openqa.selenium.chrome.ChromeDriver&#10;Capabilities {acceptInsecureCerts: false, browserName: chrome, browserVersion: 90.0.4430.93, chrome: {chromedriverVersion: 90.0.4430.24 (4c6d850f087da..., userDataDir: C:\Users\sktou\AppData\Loca...}, goog:chromeOptions: {debuggerAddress: localhost:60845}, javascriptEnabled: true, networkConnectionEnabled: false, pageLoadStrategy: normal, platform: WINDOWS, platformName: WINDOWS, proxy: Proxy(), setWindowRect: true, strictFileInteractability: false, timeouts: {implicit: 0, pageLoad: 300000, script: 30000}, unhandledPromptBehavior: dismiss and notify, webauthn:extension:largeBlob: true, webauthn:virtualAuthenticators: true}&#10;Session ID: 1fbb40c4699b5ead42f492231a2fc8ba" type="org.openqa.selenium.TimeoutException">org.openqa.selenium.TimeoutException: 
timeout: Timed out receiving message from renderer: 10.434
  (Session info: chrome=90.0.4430.93)
Build info: version: '3.141.59', revision: 'e82be7d358', time: '2018-11-14T08:17:03'
System info: host: 'LAPTOP-P5JKHIML', ip: '192.168.0.104', os.name: 'Windows 10', os.arch: 'amd64', os.version: '10.0', java.version: '15.0.2'
Driver info: org.openqa.selenium.chrome.ChromeDriver
Capabilities {acceptInsecureCerts: false, browserName: chrome, browserVersion: 90.0.4430.93, chrome: {chromedriverVersion: 90.0.4430.24 (4c6d850f087da..., userDataDir: C:\Users\sktou\AppData\Loca...}, goog:chromeOptions: {debuggerAddress: localhost:60845}, javascriptEnabled: true, networkConnectionEnabled: false, pageLoadStrategy: normal, platform: WINDOWS, platformName: WINDOWS, proxy: Proxy(), setWindowRect: true, strictFileInteractability: false, timeouts: {implicit: 0, pageLoad: 300000, script: 30000}, unhandledPromptBehavior: dismiss and notify, webauthn:extension:largeBlob: true, webauthn:virtualAuthenticators: true}
Session ID: 1fbb40c4699b5ead42f492231a2fc8ba
</error>
  </testcase>
  <testcase name="When user select One Way Trip" classname="Scenario: To verify user is landing to Result Page after searching the flight" time="0">
    <skipped/>
  </testcase>
  <testcase name="And user select origin city" classname="Scenario: To verify user is landing to Result Page after searching the flight" time="0">
    <skipped/>
  </testcase>
  <testcase name="And user select destination city" classname="Scenario: To verify user is landing to Result Page after searching the flight" time="0">
    <skipped/>
  </testcase>
  <testcase name="And user select departure date" classname="Scenario: To verify user is landing to Result Page after searching the flight" time="0">
    <skipped/>
  </testcase>
  <testcase name="And user select return date" classname="Scenario: To verify user is landing to Result Page after searching the flight" time="0">
    <skipped/>
  </testcase>
  <testcase name="And user select traveller&amp;class" classname="Scenario: To verify user is landing to Result Page after searching the flight" time="0">
    <skipped/>
  </testcase>
  <testcase name="And user clicks on Searh Button" classname="Scenario: To verify user is landing to Result Page after searching the flight" time="0">
    <skipped/>
  </testcase>
  <testcase name="Then user will land on Search Result Page" classname="Scenario: To verify user is landing to Result Page after searching the flight" time="0">
    <skipped/>
  </testcase>
</testsuite>