<?xml version="1.0" encoding="UTF-8"?>
<testsuite xmlns:xsi="http://www.w3.org/2001/XMLSchema-instance" xsi:noNamespaceSchemaLocation="https://maven.apache.org/surefire/maven-surefire-plugin/xsd/surefire-test-report.xsd" name="runnerfile.RunnerAPITest" time="33.365" tests="6" errors="0" skipped="0" failures="0">
  <properties>
[...]
</properties>
  <testcase name="Given user is having endpoint URI" classname="Scenario: To verify user is getting correct status code" time="0.002"/>
  <testcase name="When user sends get request" classname="Scenario: To verify user is getting correct status code" time="0"/>
  <testcase name="Then user will have 200 response code" classname="Scenario: To verify user is getting correct status code" time="0"/>
  <testcase name="Then user will have 200 response code" classname="Scenario: To verify user is getting correct status code" time="0"/>
  <testcase name="When user send post request" classname="Scenario: To verify user is getting correct status code" time="0"/>
  <testcase name="Scenario: To verify user is getting correct status code" classname="Scenario: To verify user is getting correct status code" time="0.003"/>
</testsuite>